<?xml version="1.0" encoding="UTF-8"?>
<testng-results ignored="0" total="3" passed="2" failed="1" skipped="0">
  <reporter-output>
  </reporter-output>
  <suite started-at="2023-07-06T23:15:10 IST" name="Default suite" finished-at="2023-07-06T23:16:32 IST" duration-ms="82194">
    <groups>
    </groups>
    <test started-at="2023-07-06T23:15:10 IST" name="Default test" finished-at="2023-07-06T23:16:32 IST" duration-ms="82194">
      <class name="testsuties.TestCase001">
        <test-method is-config="true" signature="beforeMethod()[pri:0, instance:testsuties.TestCase001@62150f9e]" started-at="2023-07-06T23:15:15 IST" name="beforeMethod" finished-at="2023-07-06T23:15:32 IST" duration-ms="16956" status="PASS">
          <reporter-output>
          </reporter-output>
        </test-method> <!-- beforeMethod -->
        <test-method signature="testcase001([Ljava.lang.String;)[pri:0, instance:testsuties.TestCase001@62150f9e]" started-at="2023-07-06T23:15:32 IST" name="testcase001" data-provider="datasendingmethod" finished-at="2023-07-06T23:15:50 IST" duration-ms="17760" status="PASS">
          <params>
            <param index="0">
              <value>
                <![CDATA[[Ljava.lang.String;@11381415]]>
              </value>
            </param>
          </params>
          <reporter-output>
          </reporter-output>
        </test-method> <!-- testcase001 -->
        <test-method is-config="true" signature="afterMethod()[pri:0, instance:testsuties.TestCase001@62150f9e]" started-at="2023-07-06T23:15:50 IST" name="afterMethod" finished-at="2023-07-06T23:15:52 IST" duration-ms="1500" status="PASS">
          <reporter-output>
          </reporter-output>
        </test-method> <!-- afterMethod -->
        <test-method is-config="true" signature="beforeMethod()[pri:0, instance:testsuties.TestCase001@62150f9e]" started-at="2023-07-06T23:15:52 IST" name="beforeMethod" finished-at="2023-07-06T23:15:59 IST" duration-ms="6934" status="PASS">
          <reporter-output>
          </reporter-output>
        </test-method> <!-- beforeMethod -->
        <test-method signature="testcase001([Ljava.lang.String;)[pri:0, instance:testsuties.TestCase001@62150f9e]" started-at="2023-07-06T23:15:59 IST" name="testcase001" data-provider="datasendingmethod" finished-at="2023-07-06T23:16:23 IST" duration-ms="24513" status="PASS">
          <params>
            <param index="0">
              <value>
                <![CDATA[[Ljava.lang.String;@6dce59e]]>
              </value>
            </param>
          </params>
          <reporter-output>
          </reporter-output>
        </test-method> <!-- testcase001 -->
        <test-method is-config="true" signature="afterMethod()[pri:0, instance:testsuties.TestCase001@62150f9e]" started-at="2023-07-06T23:16:23 IST" name="afterMethod" finished-at="2023-07-06T23:16:24 IST" duration-ms="1073" status="PASS">
          <reporter-output>
          </reporter-output>
        </test-method> <!-- afterMethod -->
        <test-method is-config="true" signature="beforeMethod()[pri:0, instance:testsuties.TestCase001@62150f9e]" started-at="2023-07-06T23:16:24 IST" name="beforeMethod" finished-at="2023-07-06T23:16:30 IST" duration-ms="6056" status="PASS">
          <reporter-output>
          </reporter-output>
        </test-method> <!-- beforeMethod -->
        <test-method signature="testcase001([Ljava.lang.String;)[pri:0, instance:testsuties.TestCase001@62150f9e]" started-at="2023-07-06T23:16:30 IST" name="testcase001" data-provider="datasendingmethod" finished-at="2023-07-06T23:16:31 IST" duration-ms="778" status="FAIL">
          <params>
            <param index="0">
              <value>
                <![CDATA[[Ljava.lang.String;@422ab737]]>
              </value>
            </param>
          </params>
          <exception class="java.lang.IllegalArgumentException">
            <message>
              <![CDATA[Keys to send should be a not null CharSequence]]>
            </message>
            <full-stacktrace>
              <![CDATA[java.lang.IllegalArgumentException: Keys to send should be a not null CharSequence
at org.openqa.selenium.remote.RemoteWebElement.sendKeys(RemoteWebElement.java:98)
at testsuties.TestCase001.testcase001(TestCase001.java:29)
at java.base/jdk.internal.reflect.NativeMethodAccessorImpl.invoke0(Native Method)
at java.base/jdk.internal.reflect.NativeMethodAccessorImpl.invoke(NativeMethodAccessorImpl.java:77)
at java.base/jdk.internal.reflect.DelegatingMethodAccessorImpl.invoke(DelegatingMethodAccessorImpl.java:43)
at java.base/java.lang.reflect.Method.invoke(Method.java:568)
at org.testng.internal.MethodInvocationHelper.invokeMethod(MethodInvocationHelper.java:133)
at org.testng.internal.TestInvoker.invokeMethod(TestInvoker.java:598)
at org.testng.internal.TestInvoker.invokeTestMethod(TestInvoker.java:173)
at org.testng.internal.MethodRunner.runInSequence(MethodRunner.java:46)
at org.testng.internal.TestInvoker$MethodInvocationAgent.invoke(TestInvoker.java:824)
at org.testng.internal.TestInvoker.invokeTestMethods(TestInvoker.java:146)
at org.testng.internal.TestMethodWorker.invokeTestMethods(TestMethodWorker.java:146)
at org.testng.internal.TestMethodWorker.run(TestMethodWorker.java:128)
at java.base/java.util.ArrayList.forEach(ArrayList.java:1511)
at org.testng.TestRunner.privateRun(TestRunner.java:794)
at org.testng.TestRunner.run(TestRunner.java:596)
at org.testng.SuiteRunner.runTest(SuiteRunner.java:377)
at org.testng.SuiteRunner.runSequentially(SuiteRunner.java:371)
at org.testng.SuiteRunner.privateRun(SuiteRunner.java:332)
at org.testng.SuiteRunner.run(SuiteRunner.java:276)
at org.testng.SuiteRunnerWorker.runSuite(SuiteRunnerWorker.java:53)
at org.testng.SuiteRunnerWorker.run(SuiteRunnerWorker.java:96)
at org.testng.TestNG.runSuitesSequentially(TestNG.java:1212)
at org.testng.TestNG.runSuitesLocally(TestNG.java:1134)
at org.testng.TestNG.runSuites(TestNG.java:1063)
at org.testng.TestNG.run(TestNG.java:1031)
at org.testng.remote.AbstractRemoteTestNG.run(AbstractRemoteTestNG.java:115)
at org.testng.remote.RemoteTestNG.initAndRun(RemoteTestNG.java:251)
at org.testng.remote.RemoteTestNG.main(RemoteTestNG.java:77)
]]>
            </full-stacktrace>
          </exception> <!-- java.lang.IllegalArgumentException -->
          <reporter-output>
          </reporter-output>
        </test-method> <!-- testcase001 -->
        <test-method is-config="true" signature="afterMethod()[pri:0, instance:testsuties.TestCase001@62150f9e]" started-at="2023-07-06T23:16:31 IST" name="afterMethod" finished-at="2023-07-06T23:16:32 IST" duration-ms="885" status="PASS">
          <reporter-output>
          </reporter-output>
        </test-method> <!-- afterMethod -->
      </class> <!-- testsuties.TestCase001 -->
    </test> <!-- Default test -->
  </suite> <!-- Default suite -->
</testng-results>
